<?xml version="1.0" encoding="UTF-8"?>
<testng-results ignored="0" total="1" passed="1" failed="0" skipped="0">
  <reporter-output>
  </reporter-output>
  <suite started-at="2024-12-31T12:43:10 IST" name="Default suite" finished-at="2024-12-31T12:43:12 IST" duration-ms="1723">
    <groups>
    </groups>
    <test started-at="2024-12-31T12:43:10 IST" name="Default test" finished-at="2024-12-31T12:43:12 IST" duration-ms="1723">
      <class name="stepDefinitions.CurrencyValidation">
        <test-method signature="currencyTest()[pri:0, instance:stepDefinitions.CurrencyValidation@548d708a]" started-at="2024-12-31T12:43:10 IST" name="currencyTest" finished-at="2024-12-31T12:43:12 IST" duration-ms="1694" status="PASS">
          <reporter-output>
          </reporter-output>
        </test-method> <!-- currencyTest -->
      </class> <!-- stepDefinitions.CurrencyValidation -->
    </test> <!-- Default test -->
  </suite> <!-- Default suite -->
</testng-results>
